  [1m[35m (105.4ms)[0m  [1m[35mCREATE DATABASE "restful_euchre_development" ENCODING = 'unicode'[0m
  [1m[35m (0.2ms)[0m  [1m[35mCREATE TABLE "schema_migrations" ("version" varchar NOT NULL PRIMARY KEY)[0m
  [1m[35m (0.1ms)[0m  [1m[35mCREATE TABLE "ar_internal_metadata" ("key" varchar NOT NULL PRIMARY KEY, "value" varchar, "created_at" datetime(6) NOT NULL, "updated_at" datetime(6) NOT NULL)[0m
  [1m[36mActiveRecord::InternalMetadata Load (0.0ms)[0m  [1m[34mSELECT * FROM "ar_internal_metadata" WHERE "ar_internal_metadata"."key" = ? ORDER BY "ar_internal_metadata"."key" ASC LIMIT 1[0m  [[nil, "environment"]]
  [1m[36mActiveRecord::InternalMetadata Create (0.0ms)[0m  [1m[32mINSERT INTO "ar_internal_metadata" ("key", "value", "created_at", "updated_at") VALUES ('environment', 'development', '2025-07-25 02:20:49.003531', '2025-07-25 02:20:49.003532') RETURNING "key"[0m
  [1m[36mActiveRecord::SchemaMigration Load (0.0ms)[0m  [1m[34mSELECT "schema_migrations"."version" FROM "schema_migrations" ORDER BY "schema_migrations"."version" ASC[0m
  [1m[36mActiveRecord::InternalMetadata Load (0.0ms)[0m  [1m[34mSELECT * FROM "ar_internal_metadata" WHERE "ar_internal_metadata"."key" = ? ORDER BY "ar_internal_metadata"."key" ASC LIMIT 1[0m  [[nil, "environment"]]
  [1m[36mActiveRecord::SchemaMigration Load (0.0ms)[0m  [1m[34mSELECT "schema_migrations"."version" FROM "schema_migrations" ORDER BY "schema_migrations"."version" ASC[0m
Migrating to CreateSessions (1)
  [1m[36mTRANSACTION (0.0ms)[0m  [1m[36mBEGIN immediate TRANSACTION[0m
  [1m[35m (0.5ms)[0m  [1m[35mCREATE TABLE "sessions" ("id" integer PRIMARY KEY AUTOINCREMENT NOT NULL, "session_id" varchar NOT NULL, "name" varchar, "created_at" datetime(6) NOT NULL, "updated_at" datetime(6) NOT NULL)[0m
  [1m[35m (0.0ms)[0m  [1m[35mCREATE UNIQUE INDEX "index_sessions_on_session_id" ON "sessions" ("session_id")[0m
  [1m[36mActiveRecord::SchemaMigration Create (0.1ms)[0m  [1m[32mINSERT INTO "schema_migrations" ("version") VALUES ('1') RETURNING "version"[0m
  [1m[36mTRANSACTION (0.1ms)[0m  [1m[36mCOMMIT TRANSACTION[0m
Migrating to CreateGames (2)
  [1m[36mTRANSACTION (0.0ms)[0m  [1m[36mBEGIN immediate TRANSACTION[0m
  [1m[35m (0.4ms)[0m  [1m[35mCREATE TABLE "games" ("id" integer PRIMARY KEY AUTOINCREMENT NOT NULL, "code" varchar NOT NULL, "state" varchar DEFAULT 'waiting', "winning_team" integer, "created_at" datetime(6) NOT NULL, "updated_at" datetime(6) NOT NULL)[0m
  [1m[35m (0.0ms)[0m  [1m[35mCREATE UNIQUE INDEX "index_games_on_code" ON "games" ("code")[0m
  [1m[36mActiveRecord::SchemaMigration Create (0.0ms)[0m  [1m[32mINSERT INTO "schema_migrations" ("version") VALUES ('2') RETURNING "version"[0m
  [1m[36mTRANSACTION (0.0ms)[0m  [1m[36mCOMMIT TRANSACTION[0m
Migrating to CreatePlayers (3)
  [1m[36mTRANSACTION (0.0ms)[0m  [1m[36mBEGIN immediate TRANSACTION[0m
  [1m[35m (0.4ms)[0m  [1m[35mCREATE TABLE "players" ("id" integer PRIMARY KEY AUTOINCREMENT NOT NULL, "game_id" integer NOT NULL, "session_id" integer NOT NULL, "seat" integer, "team" integer, "created_at" datetime(6) NOT NULL, "updated_at" datetime(6) NOT NULL, CONSTRAINT "fk_rails_d71756309d"
FOREIGN KEY ("game_id")
  REFERENCES "games" ("id")
, CONSTRAINT "fk_rails_22746b367e"
FOREIGN KEY ("session_id")
  REFERENCES "sessions" ("id")
)[0m
  [1m[35m (0.0ms)[0m  [1m[35mCREATE INDEX "index_players_on_game_id" ON "players" ("game_id")[0m
  [1m[35m (0.0ms)[0m  [1m[35mCREATE INDEX "index_players_on_session_id" ON "players" ("session_id")[0m
  [1m[35m (0.0ms)[0m  [1m[35mCREATE UNIQUE INDEX "index_players_on_game_id_and_session_id" ON "players" ("game_id", "session_id")[0m
  [1m[35m (0.0ms)[0m  [1m[35mCREATE UNIQUE INDEX "index_players_on_game_id_and_seat" ON "players" ("game_id", "seat") WHERE seat IS NOT NULL[0m
  [1m[36mActiveRecord::SchemaMigration Create (0.0ms)[0m  [1m[32mINSERT INTO "schema_migrations" ("version") VALUES ('3') RETURNING "version"[0m
  [1m[36mTRANSACTION (0.1ms)[0m  [1m[36mCOMMIT TRANSACTION[0m
Migrating to CreateRounds (4)
  [1m[36mTRANSACTION (0.0ms)[0m  [1m[36mBEGIN immediate TRANSACTION[0m
  [1m[35m (0.4ms)[0m  [1m[35mCREATE TABLE "rounds" ("id" integer PRIMARY KEY AUTOINCREMENT NOT NULL, "game_id" integer NOT NULL, "number" integer NOT NULL, "dealer_seat" integer NOT NULL, "trump_suit" varchar, "maker_team" integer, "loner" boolean DEFAULT 0, "winning_team" integer, "created_at" datetime(6) NOT NULL, "updated_at" datetime(6) NOT NULL, CONSTRAINT "fk_rails_7812c1b477"
FOREIGN KEY ("game_id")
  REFERENCES "games" ("id")
)[0m
  [1m[35m (0.0ms)[0m  [1m[35mCREATE INDEX "index_rounds_on_game_id" ON "rounds" ("game_id")[0m
  [1m[35m (0.1ms)[0m  [1m[35mCREATE UNIQUE INDEX "index_rounds_on_game_id_and_number" ON "rounds" ("game_id", "number")[0m
  [1m[36mActiveRecord::SchemaMigration Create (0.0ms)[0m  [1m[32mINSERT INTO "schema_migrations" ("version") VALUES ('4') RETURNING "version"[0m
  [1m[36mTRANSACTION (0.1ms)[0m  [1m[36mCOMMIT TRANSACTION[0m
Migrating to CreateTricks (5)
  [1m[36mTRANSACTION (0.0ms)[0m  [1m[36mBEGIN immediate TRANSACTION[0m
  [1m[35m (0.4ms)[0m  [1m[35mCREATE TABLE "tricks" ("id" integer PRIMARY KEY AUTOINCREMENT NOT NULL, "round_id" integer NOT NULL, "number" integer NOT NULL, "lead_seat" integer NOT NULL, "winning_seat" integer, "created_at" datetime(6) NOT NULL, "updated_at" datetime(6) NOT NULL, CONSTRAINT "fk_rails_c770ab7a9f"
FOREIGN KEY ("round_id")
  REFERENCES "rounds" ("id")
)[0m
  [1m[35m (0.0ms)[0m  [1m[35mCREATE INDEX "index_tricks_on_round_id" ON "tricks" ("round_id")[0m
  [1m[35m (0.0ms)[0m  [1m[35mCREATE UNIQUE INDEX "index_tricks_on_round_id_and_number" ON "tricks" ("round_id", "number")[0m
  [1m[36mActiveRecord::SchemaMigration Create (0.1ms)[0m  [1m[32mINSERT INTO "schema_migrations" ("version") VALUES ('5') RETURNING "version"[0m
  [1m[36mTRANSACTION (0.1ms)[0m  [1m[36mCOMMIT TRANSACTION[0m
Migrating to CreateCardPlays (6)
  [1m[36mTRANSACTION (0.0ms)[0m  [1m[36mBEGIN immediate TRANSACTION[0m
  [1m[35m (0.5ms)[0m  [1m[35mCREATE TABLE "card_plays" ("id" integer PRIMARY KEY AUTOINCREMENT NOT NULL, "trick_id" integer NOT NULL, "player_id" integer NOT NULL, "card" varchar NOT NULL, "play_order" integer NOT NULL, "created_at" datetime(6) NOT NULL, "updated_at" datetime(6) NOT NULL, CONSTRAINT "fk_rails_026a06f5d0"
FOREIGN KEY ("trick_id")
  REFERENCES "tricks" ("id")
, CONSTRAINT "fk_rails_1e93151228"
FOREIGN KEY ("player_id")
  REFERENCES "players" ("id")
)[0m
  [1m[35m (0.0ms)[0m  [1m[35mCREATE INDEX "index_card_plays_on_trick_id" ON "card_plays" ("trick_id")[0m
  [1m[35m (0.0ms)[0m  [1m[35mCREATE INDEX "index_card_plays_on_player_id" ON "card_plays" ("player_id")[0m
  [1m[35m (0.0ms)[0m  [1m[35mCREATE UNIQUE INDEX "index_card_plays_on_trick_id_and_play_order" ON "card_plays" ("trick_id", "play_order")[0m
  [1m[36mActiveRecord::SchemaMigration Create (0.0ms)[0m  [1m[32mINSERT INTO "schema_migrations" ("version") VALUES ('6') RETURNING "version"[0m
  [1m[36mTRANSACTION (0.1ms)[0m  [1m[36mCOMMIT TRANSACTION[0m
  [1m[36mActiveRecord::SchemaMigration Load (0.0ms)[0m  [1m[34mSELECT "schema_migrations"."version" FROM "schema_migrations" ORDER BY "schema_migrations"."version" ASC[0m
  [1m[36mActiveRecord::InternalMetadata Load (0.1ms)[0m  [1m[34mSELECT * FROM "ar_internal_metadata" WHERE "ar_internal_metadata"."key" = ? ORDER BY "ar_internal_metadata"."key" ASC LIMIT 1[0m  [[nil, "environment"]]
  [1m[36mActiveRecord::SchemaMigration Load (0.0ms)[0m  [1m[34mSELECT "schema_migrations"."version" FROM "schema_migrations" ORDER BY "schema_migrations"."version" ASC[0m
  [1m[36mActiveRecord::SchemaMigration Load (0.0ms)[0m  [1m[34mSELECT "schema_migrations"."version" FROM "schema_migrations" ORDER BY "schema_migrations"."version" ASC[0m
